#
# A fatal error has been detected by the Java Runtime Environment:
#
#  EXCEPTION_PRIV_INSTRUCTION (0xc0000096) at pc=0x0000021ec7805a5d, pid=19300, tid=0x000000000000262c
#
# JRE version: Java(TM) SE Runtime Environment (8.0_321-b07) (build 1.8.0_321-b07)
# Java VM: Java HotSpot(TM) 64-Bit Server VM (25.321-b07 mixed mode windows-amd64 compressed oops)
# Problematic frame:
# j  javax.validation.Validation.byDefaultProvider()Ljavax/validation/bootstrap/GenericBootstrap;+0
#
# Failed to write core dump. Minidumps are not enabled by default on client versions of Windows
#
# If you would like to submit a bug report, please visit:
#   http://bugreport.java.com/bugreport/crash.jsp
#

---------------  T H R E A D  ---------------

Current thread (0x0000021ede6f7000):  JavaThread "background-preinit" [_thread_in_Java, id=9772, stack(0x0000009521000000,0x0000009521100000)]

siginfo: ExceptionCode=0xc0000096

Registers:
RAX=0x0000000000000000, RBX=0x000000000000007d, RCX=0x0000000000000000, RDX=0x0000000000000000
RSP=0x00000095210ff450, RBP=0x00000095210ff510, RSI=0x0000000020200020, RDI=0x0000000000000010
R8 =0x0000000000000061, R9 =0x0000000000000061, R10=0x0000000000000000, R11=0x0000000000000061
R12=0x0000000000000000, R13=0x0000021edf103de1, R14=0x00000095210ff518, R15=0x0000021ede6f7000
RIP=0x0000021ec7805a5d, EFLAGS=0x0000000000010202

Top of Stack: (sp=0x00000095210ff450)
0x00000095210ff450:   0000021ede6f7000 000000000000007d
0x00000095210ff460:   00000095210ff510 0000000020200020
0x00000095210ff470:   0000000000000004 00000000539f7a60
0x00000095210ff480:   0000000000000006 0000000000000006
0x00000095210ff490:   0000000000000010 0000000020200020
0x00000095210ff4a0:   00000095210ff510 00000095210ff4d0
0x00000095210ff4b0:   000000000000007d 0000021ede6f7a18
0x00000095210ff4c0:   0000000000000008 0000000000000000
0x00000095210ff4d0:   00000095210ff4d0 0000021edf103de0
0x00000095210ff4e0:   00000095210ff518 0000021edf103f10
0x00000095210ff4f0:   0000000000000000 0000021edf103de0
0x00000095210ff500:   0000000000000000 00000095210ff520
0x00000095210ff510:   00000095210ff560 0000021ec7808180
0x00000095210ff520:   00000095210ff520 0000021edf0ffd48
0x00000095210ff530:   00000095210ff578 0000021edf0ffea8
0x00000095210ff540:   0000000000000000 0000021edf0ffd80 

Instructions: (pc=0x0000021ec7805a5d)
0x0000021ec7805a3d:   00 00 48 ba df 59 80 c7 1e 02 00 00 4c 8b c4 48
0x0000021ec7805a4d:   83 e4 f0 49 ba 20 e5 50 53 00 00 00 00 41 ff d2
0x0000021ec7805a5d:   f4 66 90 80 20 00 00 00 00 00 00 88 db 7e 53 00
0x0000021ec7805a6d:   00 00 00 ff ff ff ff 00 00 00 00 00 00 00 00 00 


Register to memory mapping:

RAX=0x0000000000000000 is an unknown value
RBX=0x000000000000007d is an unknown value
RCX=0x0000000000000000 is an unknown value
RDX=0x0000000000000000 is an unknown value
RSP=0x00000095210ff450 is pointing into the stack for thread: 0x0000021ede6f7000
RBP=0x00000095210ff510 is pointing into the stack for thread: 0x0000021ede6f7000
RSI=0x0000000020200020 is an unknown value
RDI=0x0000000000000010 is an unknown value
R8 =0x0000000000000061 is an unknown value
R9 =0x0000000000000061 is an unknown value
R10=0x0000000000000000 is an unknown value
R11=0x0000000000000061 is an unknown value
R12=0x0000000000000000 is an unknown value
R13=0x0000021edf103de1 is pointing into metadata
R14=0x00000095210ff518 is pointing into the stack for thread: 0x0000021ede6f7000
R15=0x0000021ede6f7000 is a thread


Stack: [0x0000009521000000,0x0000009521100000],  sp=0x00000095210ff450,  free space=1021k
Native frames: (J=compiled Java code, j=interpreted, Vv=VM code, C=native code)
C  0x0000021ec7805a5d


---------------  P R O C E S S  ---------------

Java Threads: ( => current thread )
=>0x0000021ede6f7000 JavaThread "background-preinit" [_thread_in_Java, id=9772, stack(0x0000009521000000,0x0000009521100000)]
  0x0000021ede2d1800 JavaThread "RMI TCP Accept-0" daemon [_thread_in_native, id=17988, stack(0x0000009520e00000,0x0000009520f00000)]
  0x0000021eddfee800 JavaThread "Service Thread" daemon [_thread_blocked, id=23652, stack(0x0000009520d00000,0x0000009520e00000)]
  0x0000021eddfac000 JavaThread "C1 CompilerThread3" daemon [_thread_blocked, id=7852, stack(0x0000009520c00000,0x0000009520d00000)]
  0x0000021eddf9b000 JavaThread "C2 CompilerThread2" daemon [_thread_blocked, id=2660, stack(0x0000009520b00000,0x0000009520c00000)]
  0x0000021eddf95800 JavaThread "C2 CompilerThread1" daemon [_thread_blocked, id=10332, stack(0x0000009520a00000,0x0000009520b00000)]
  0x0000021eddf93000 JavaThread "C2 CompilerThread0" daemon [_thread_blocked, id=20608, stack(0x0000009520900000,0x0000009520a00000)]
  0x0000021eddf91800 JavaThread "Monitor Ctrl-Break" daemon [_thread_in_native, id=23924, stack(0x0000009520800000,0x0000009520900000)]
  0x0000021edbf48000 JavaThread "Attach Listener" daemon [_thread_blocked, id=23692, stack(0x0000009520700000,0x0000009520800000)]
  0x0000021edbf5f000 JavaThread "Signal Dispatcher" daemon [_thread_blocked, id=20352, stack(0x0000009520600000,0x0000009520700000)]
  0x0000021edbed2800 JavaThread "Finalizer" daemon [_thread_blocked, id=20020, stack(0x0000009520500000,0x0000009520600000)]
  0x0000021edbed1800 JavaThread "Reference Handler" daemon [_thread_blocked, id=13284, stack(0x0000009520400000,0x0000009520500000)]
  0x0000021ec5daa800 JavaThread "main" [_thread_in_Java, id=8180, stack(0x000000951fa00000,0x000000951fb00000)]

Other Threads:
  0x0000021edbea7800 VMThread [stack: 0x0000009520300000,0x0000009520400000] [id=12364]
  0x0000021ede2dd000 WatcherThread [stack: 0x0000009520f00000,0x0000009521000000] [id=21256]

VM state:not at safepoint (normal execution)

VM Mutex/Monitor currently owned by a thread: None

heap address: 0x0000000083a00000, size: 1990 MB, Compressed Oops mode: 32-bit
Narrow klass base: 0x0000000000000000, Narrow klass shift: 3
Compressed class space size: 1073741824 Address: 0x0000000100000000

Heap:
 PSYoungGen      total 37888K, used 32399K [0x00000000d6900000, 0x00000000d9300000, 0x0000000100000000)
  eden space 32768K, 83% used [0x00000000d6900000,0x00000000d83b2d88,0x00000000d8900000)
  from space 5120K, 98% used [0x00000000d8900000,0x00000000d8df0f50,0x00000000d8e00000)
  to   space 5120K, 0% used [0x00000000d8e00000,0x00000000d8e00000,0x00000000d9300000)
 ParOldGen       total 86016K, used 16K [0x0000000083a00000, 0x0000000088e00000, 0x00000000d6900000)
  object space 86016K, 0% used [0x0000000083a00000,0x0000000083a04000,0x0000000088e00000)
 Metaspace       used 14218K, capacity 14860K, committed 15104K, reserved 1062912K
  class space    used 1859K, capacity 1996K, committed 2048K, reserved 1048576K

Card table byte_map: [0x0000021ed6bc0000,0x0000021ed6fb0000] byte_map_base: 0x0000021ed67a3000

Marking Bits: (ParMarkBitMap*) 0x0000000053a19030
 Begin Bits: [0x0000021ed7250000, 0x0000021ed9168000)
 End Bits:   [0x0000021ed9168000, 0x0000021edb080000)

Polling page: 0x0000021ec5ff0000

CodeCache: size=245760Kb used=3038Kb max_used=3038Kb free=242721Kb
 bounds [0x0000021ec7800000, 0x0000021ec7b00000, 0x0000021ed6800000]
 total_blobs=1623 nmethods=1251 adapters=284
 compilation: enabled

Compilation events (10 events):
Event: 2.730 Thread 0x0000021eddfac000 nmethod 1240 0x0000021ec7af2890 code [0x0000021ec7af2a00, 0x0000021ec7af2d40]
Event: 2.730 Thread 0x0000021eddfac000 1245       1       org.springframework.core.ResolvableType::getGenerics (148 bytes)
Event: 2.731 Thread 0x0000021eddfac000 nmethod 1245 0x0000021ec7af2f10 code [0x0000021ec7af3100, 0x0000021ec7af3910]
Event: 2.731 Thread 0x0000021eddfac000 1242       1       org.springframework.core.convert.support.GenericConversionService$Converters::getMatchableConverters (19 bytes)
Event: 2.732 Thread 0x0000021eddfac000 nmethod 1242 0x0000021ec7af3dd0 code [0x0000021ec7af3f40, 0x0000021ec7af40b0]
Event: 2.732 Thread 0x0000021eddfac000 1243       1       org.springframework.core.convert.support.GenericConversionService$ConvertersForPair::add (11 bytes)
Event: 2.732 Thread 0x0000021eddfac000 nmethod 1243 0x0000021ec7af4150 code [0x0000021ec7af42a0, 0x0000021ec7af43f0]
Event: 2.732 Thread 0x0000021eddfac000 1244       1       java.lang.Class::getGenericInfo (52 bytes)
Event: 2.732 Thread 0x0000021eddfac000 nmethod 1244 0x0000021ec7af4490 code [0x0000021ec7af4620, 0x0000021ec7af49f0]
Event: 2.732 Thread 0x0000021eddfac000 1246       1       org.springframework.core.ResolvableType::equals (157 bytes)

GC Heap History (2 events):
Event: 2.407 GC heap before
{Heap before GC invocations=1 (full 0):
 PSYoungGen      total 37888K, used 32768K [0x00000000d6900000, 0x00000000d9300000, 0x0000000100000000)
  eden space 32768K, 100% used [0x00000000d6900000,0x00000000d8900000,0x00000000d8900000)
  from space 5120K, 0% used [0x00000000d8e00000,0x00000000d8e00000,0x00000000d9300000)
  to   space 5120K, 0% used [0x00000000d8900000,0x00000000d8900000,0x00000000d8e00000)
 ParOldGen       total 86016K, used 0K [0x0000000083a00000, 0x0000000088e00000, 0x00000000d6900000)
  object space 86016K, 0% used [0x0000000083a00000,0x0000000083a00000,0x0000000088e00000)
 Metaspace       used 10916K, capacity 11182K, committed 11520K, reserved 1058816K
  class space    used 1333K, capacity 1425K, committed 1536K, reserved 1048576K
Event: 2.413 GC heap after
Heap after GC invocations=1 (full 0):
 PSYoungGen      total 37888K, used 5059K [0x00000000d6900000, 0x00000000d9300000, 0x0000000100000000)
  eden space 32768K, 0% used [0x00000000d6900000,0x00000000d6900000,0x00000000d8900000)
  from space 5120K, 98% used [0x00000000d8900000,0x00000000d8df0f50,0x00000000d8e00000)
  to   space 5120K, 0% used [0x00000000d8e00000,0x00000000d8e00000,0x00000000d9300000)
 ParOldGen       total 86016K, used 16K [0x0000000083a00000, 0x0000000088e00000, 0x00000000d6900000)
  object space 86016K, 0% used [0x0000000083a00000,0x0000000083a04000,0x0000000088e00000)
 Metaspace       used 10916K, capacity 11182K, committed 11520K, reserved 1058816K
  class space    used 1333K, capacity 1425K, committed 1536K, reserved 1048576K
}

Deoptimization events (0 events):
No events

Classes redefined (0 events):
No events

Internal exceptions (10 events):
Event: 2.247 Thread 0x0000021ec5daa800 Exception <a 'java/lang/NoSuchMethodError': java.lang.Object.lambda$andThen$1(Ljava/util/function/Function;Ljava/lang/Object;)Ljava/lang/Object;> (0x00000000d7b874f8) thrown at [C:\jenkins\workspace\8-2-build-windows-amd64-cygwin\jdk8u321\2141\hotspot\src
Event: 2.342 Thread 0x0000021ec5daa800 Exception <a 'java/lang/NoSuchMethodError': java.lang.Object.lambda$fromSpringFactories$0(Ljava/lang/ClassLoader;)Ljava/util/List;> (0x00000000d8302f48) thrown at [C:\jenkins\workspace\8-2-build-windows-amd64-cygwin\jdk8u321\2141\hotspot\src\share\vm\inte
Event: 2.367 Thread 0x0000021ec5daa800 Exception <a 'java/io/FileNotFoundException'> (0x00000000d84fd8e0) thrown at [C:\jenkins\workspace\8-2-build-windows-amd64-cygwin\jdk8u321\2141\hotspot\src\share\vm\prims\jni.cpp, line 710]
Event: 2.477 Thread 0x0000021ec5daa800 Exception <a 'java/lang/NoSuchMethodError': java.lang.Object.lambda$comparingInt$7b0bb60$1(Ljava/util/function/ToIntFunction;Ljava/lang/Object;Ljava/lang/Object;)I> (0x00000000d6e1f8d8) thrown at [C:\jenkins\workspace\8-2-build-windows-amd64-cygwin\jdk8u3
Event: 2.479 Thread 0x0000021ec5daa800 Exception <a 'java/lang/IncompatibleClassChangeError': Found class java.lang.Object, but interface was expected> (0x00000000d6e3e4c0) thrown at [C:\jenkins\workspace\8-2-build-windows-amd64-cygwin\jdk8u321\2141\hotspot\src\share\vm\interpreter\linkResolve
Event: 2.504 Thread 0x0000021ec5daa800 Exception <a 'java/lang/NoSuchMethodError': java.lang.Object.lambda$or$2(Ljava/util/function/BiPredicate;Ljava/lang/Object;Ljava/lang/Object;)Z> (0x00000000d6fe6b88) thrown at [C:\jenkins\workspace\8-2-build-windows-amd64-cygwin\jdk8u321\2141\hotspot\src\
Event: 2.505 Thread 0x0000021ec5daa800 Exception <a 'java/lang/NoSuchMethodError': java.lang.Object.lambda$chars$0()Ljava/util/Spliterator$OfInt;> (0x00000000d6ff8a68) thrown at [C:\jenkins\workspace\8-2-build-windows-amd64-cygwin\jdk8u321\2141\hotspot\src\share\vm\interpreter\linkResolver.cpp
Event: 2.542 Thread 0x0000021ec5daa800 Exception <a 'java/lang/NoSuchMethodError': java.lang.Object.lambda$comparing$77a9974f$1(Ljava/util/function/Function;Ljava/lang/Object;Ljava/lang/Object;)I> (0x00000000d72eb078) thrown at [C:\jenkins\workspace\8-2-build-windows-amd64-cygwin\jdk8u321\2141
Event: 2.571 Thread 0x0000021ec5daa800 Exception <a 'java/lang/NoSuchMethodError': java.lang.Object.lambda$from$1(Ljava/util/function/Supplier;Lorg/springframework/boot/BootstrapContext;)Ljava/lang/Object;> (0x00000000d7513608) thrown at [C:\jenkins\workspace\8-2-build-windows-amd64-cygwin\jdk
Event: 2.612 Thread 0x0000021ec5daa800 Exception <a 'java/lang/NoSuchMethodError': java.lang.Object.lambda$and$0(Ljava/util/function/Predicate;Ljava/lang/Object;)Z> (0x00000000d77c4ff8) thrown at [C:\jenkins\workspace\8-2-build-windows-amd64-cygwin\jdk8u321\2141\hotspot\src\share\vm\interprete

Events (10 events):
Event: 2.731 loading class org/springframework/boot/SpringApplicationBannerPrinter
Event: 2.731 loading class org/springframework/boot/SpringApplicationBannerPrinter done
Event: 2.731 loading class javax/validation/Validation
Event: 2.731 loading class javax/validation/Validation done
Event: 2.732 loading class org/springframework/boot/SpringBootBanner
Event: 2.732 loading class org/springframework/boot/SpringBootBanner done
Event: 2.732 loading class org/springframework/boot/Banner
Event: 2.732 loading class org/springframework/boot/Banner done
Event: 2.732 loading class org/springframework/boot/SpringApplicationBannerPrinter$Banners
Event: 2.732 loading class org/springframework/boot/SpringApplicationBannerPrinter$Banners done


Dynamic libraries:
0x00007ff78cd30000 - 0x00007ff78cd77000 	C:\Program Files\Java\jdk1.8.0_321\bin\java.exe
0x00007ffecc230000 - 0x00007ffecc425000 	C:\WINDOWS\SYSTEM32\ntdll.dll
0x00007ffeca290000 - 0x00007ffeca34e000 	C:\WINDOWS\System32\KERNEL32.DLL
0x00007ffec9950000 - 0x00007ffec9c18000 	C:\WINDOWS\System32\KERNELBASE.dll
0x00007ffecc070000 - 0x00007ffecc11e000 	C:\WINDOWS\System32\ADVAPI32.dll
0x00007ffecaa90000 - 0x00007ffecab2e000 	C:\WINDOWS\System32\msvcrt.dll
0x00007ffecb420000 - 0x00007ffecb4bc000 	C:\WINDOWS\System32\sechost.dll
0x00007ffecbad0000 - 0x00007ffecbbf5000 	C:\WINDOWS\System32\RPCRT4.dll
0x00007ffecbed0000 - 0x00007ffecc070000 	C:\WINDOWS\System32\USER32.dll
0x00007ffec9d80000 - 0x00007ffec9da2000 	C:\WINDOWS\System32\win32u.dll
0x00007ffecbaa0000 - 0x00007ffecbaca000 	C:\WINDOWS\System32\GDI32.dll
0x00007ffec9e40000 - 0x00007ffec9f4b000 	C:\WINDOWS\System32\gdi32full.dll
0x00007ffec9ce0000 - 0x00007ffec9d7d000 	C:\WINDOWS\System32\msvcp_win.dll
0x00007ffeca160000 - 0x00007ffeca260000 	C:\WINDOWS\System32\ucrtbase.dll
0x00007ffeb0a30000 - 0x00007ffeb0cca000 	C:\WINDOWS\WinSxS\amd64_microsoft.windows.common-controls_6595b64144ccf1df_6.0.19041.1110_none_60b5254171f9507e\COMCTL32.dll
0x00007ffeca9e0000 - 0x00007ffecaa10000 	C:\WINDOWS\System32\IMM32.DLL
0x00007ffea5670000 - 0x00007ffea5685000 	C:\Program Files\Java\jdk1.8.0_321\jre\bin\vcruntime140.dll
0x00007ffe80520000 - 0x00007ffe805bb000 	C:\Program Files\Java\jdk1.8.0_321\jre\bin\msvcp140.dll
0x0000000053230000 - 0x0000000053a91000 	C:\Program Files\Java\jdk1.8.0_321\jre\bin\server\jvm.dll
0x00007ffecb410000 - 0x00007ffecb418000 	C:\WINDOWS\System32\PSAPI.DLL
0x00007ffec34e0000 - 0x00007ffec34ea000 	C:\WINDOWS\SYSTEM32\VERSION.dll
0x00007ffeb00b0000 - 0x00007ffeb00d7000 	C:\WINDOWS\SYSTEM32\WINMM.dll
0x00007ffec3af0000 - 0x00007ffec3af9000 	C:\WINDOWS\SYSTEM32\WSOCK32.dll
0x00007ffecb820000 - 0x00007ffecb88b000 	C:\WINDOWS\System32\WS2_32.dll
0x00007ffec7870000 - 0x00007ffec7882000 	C:\WINDOWS\SYSTEM32\kernel.appcore.dll
0x00007ffeaaef0000 - 0x00007ffeaaf00000 	C:\Program Files\Java\jdk1.8.0_321\jre\bin\verify.dll
0x00007ffea1120000 - 0x00007ffea114b000 	C:\Program Files\Java\jdk1.8.0_321\jre\bin\java.dll
0x00007ffe9ba00000 - 0x00007ffe9ba30000 	C:\Program Files\Java\jdk1.8.0_321\jre\bin\instrument.dll
0x00007ffea3120000 - 0x00007ffea3138000 	C:\Program Files\Java\jdk1.8.0_321\jre\bin\zip.dll
0x00007ffecacb0000 - 0x00007ffecb3f4000 	C:\WINDOWS\System32\SHELL32.dll
0x00007ffec7a70000 - 0x00007ffec8204000 	C:\WINDOWS\SYSTEM32\windows.storage.dll
0x00007ffecb4c0000 - 0x00007ffecb814000 	C:\WINDOWS\System32\combase.dll
0x00007ffec93c0000 - 0x00007ffec93ec000 	C:\WINDOWS\SYSTEM32\Wldp.dll
0x00007ffeca360000 - 0x00007ffeca40d000 	C:\WINDOWS\System32\SHCORE.dll
0x00007ffecbe10000 - 0x00007ffecbe65000 	C:\WINDOWS\System32\shlwapi.dll
0x00007ffec9890000 - 0x00007ffec98af000 	C:\WINDOWS\SYSTEM32\profapi.dll
0x00007ffea1100000 - 0x00007ffea111a000 	D:\IntelliJ IDEA 2021.3.2\bin\breakgen64.dll
0x00007ffe9b690000 - 0x00007ffe9b6ac000 	C:\Program Files\Java\jdk1.8.0_321\jre\bin\net.dll
0x00007ffec9120000 - 0x00007ffec918a000 	C:\WINDOWS\system32\mswsock.dll
0x00007ffec8de0000 - 0x00007ffec8eab000 	C:\WINDOWS\SYSTEM32\DNSAPI.dll
0x00007ffec8da0000 - 0x00007ffec8ddb000 	C:\WINDOWS\SYSTEM32\IPHLPAPI.DLL
0x00007ffecb400000 - 0x00007ffecb408000 	C:\WINDOWS\System32\NSI.dll
0x00007ffec28e0000 - 0x00007ffec28ea000 	C:\Windows\System32\rasadhlp.dll
0x00007ffeba0d0000 - 0x00007ffeba14f000 	C:\WINDOWS\System32\fwpuclnt.dll
0x00007ffeca260000 - 0x00007ffeca287000 	C:\WINDOWS\System32\bcrypt.dll
0x00007ffec9db0000 - 0x00007ffec9e32000 	C:\WINDOWS\System32\bcryptPrimitives.dll
0x00007ffea5920000 - 0x00007ffea592d000 	C:\Program Files\Java\jdk1.8.0_321\jre\bin\management.dll
0x00007ffe9b420000 - 0x00007ffe9b433000 	C:\Program Files\Java\jdk1.8.0_321\jre\bin\nio.dll
0x00007ffec9320000 - 0x00007ffec9338000 	C:\WINDOWS\SYSTEM32\CRYPTSP.dll
0x00007ffec89d0000 - 0x00007ffec8a04000 	C:\WINDOWS\system32\rsaenh.dll
0x00007ffec9850000 - 0x00007ffec987e000 	C:\WINDOWS\SYSTEM32\USERENV.dll
0x00007ffec9310000 - 0x00007ffec931c000 	C:\WINDOWS\SYSTEM32\CRYPTBASE.dll
0x00007ffec1dc0000 - 0x00007ffec1dd7000 	C:\WINDOWS\SYSTEM32\dhcpcsvc6.DLL
0x00007ffec1da0000 - 0x00007ffec1dbd000 	C:\WINDOWS\SYSTEM32\dhcpcsvc.DLL
0x00007ffea47c0000 - 0x00007ffea47d7000 	C:\WINDOWS\system32\napinsp.dll
0x00007ffea46c0000 - 0x00007ffea46db000 	C:\WINDOWS\system32\pnrpnsp.dll
0x00007ffec4890000 - 0x00007ffec48a5000 	C:\WINDOWS\system32\wshbth.dll
0x00007ffec5360000 - 0x00007ffec537d000 	C:\WINDOWS\system32\NLAapi.dll
0x00007ffea47a0000 - 0x00007ffea47b2000 	C:\WINDOWS\System32\winrnr.dll
0x00007ffec2d50000 - 0x00007ffec2f34000 	C:\WINDOWS\SYSTEM32\dbghelp.dll

VM Arguments:
jvm_args: -XX:TieredStopAtLevel=1 -Xverify:none -Dspring.output.ansi.enabled=always -Dcom.sun.management.jmxremote -Dspring.jmx.enabled=true -Dspring.liveBeansView.mbeanDomain -Dspring.application.admin.enabled=true -javaagent:D:\IntelliJ IDEA 2021.3.2\lib\idea_rt.jar=62534:D:\IntelliJ IDEA 2021.3.2\bin -Dfile.encoding=UTF-8 
java_command: com.example.dentistbackend.DentistBackendApplication
java_class_path (initial): C:\Program Files\Java\jdk1.8.0_321\jre\lib\charsets.jar;C:\Program Files\Java\jdk1.8.0_321\jre\lib\deploy.jar;C:\Program Files\Java\jdk1.8.0_321\jre\lib\ext\access-bridge-64.jar;C:\Program Files\Java\jdk1.8.0_321\jre\lib\ext\cldrdata.jar;C:\Program Files\Java\jdk1.8.0_321\jre\lib\ext\dnsns.jar;C:\Program Files\Java\jdk1.8.0_321\jre\lib\ext\jaccess.jar;C:\Program Files\Java\jdk1.8.0_321\jre\lib\ext\jfxrt.jar;C:\Program Files\Java\jdk1.8.0_321\jre\lib\ext\localedata.jar;C:\Program Files\Java\jdk1.8.0_321\jre\lib\ext\nashorn.jar;C:\Program Files\Java\jdk1.8.0_321\jre\lib\ext\sunec.jar;C:\Program Files\Java\jdk1.8.0_321\jre\lib\ext\sunjce_provider.jar;C:\Program Files\Java\jdk1.8.0_321\jre\lib\ext\sunmscapi.jar;C:\Program Files\Java\jdk1.8.0_321\jre\lib\ext\sunpkcs11.jar;C:\Program Files\Java\jdk1.8.0_321\jre\lib\ext\zipfs.jar;C:\Program Files\Java\jdk1.8.0_321\jre\lib\javaws.jar;C:\Program Files\Java\jdk1.8.0_321\jre\lib\jce.jar;C:\Program Files\Java\jdk1.8.0_321\jre\lib\jfr.jar;C:\Program Files\Java\jdk1.8.0_321\jre\lib\jfxswt.jar;C:\Program Files\Java\jdk1.8.0_321\jre\lib\jsse.jar;C:\Program Files\Java\jdk1.8.0_321\jre\lib\management-agent.jar;C:\Program Files\Java\jdk1.8.0_321\jre\lib\plugin.jar;C:\Program Files\Java\jdk1.8.0_321\jre\lib\resources.jar;C:\Program Files\Java\jdk1.8.0_321\jre\lib\rt.jar;D:\DentistBackend\target\classes;D:\DentistBackend\lib\javax.transaction.jar;D:\DentistBackend\lib\javax.jms.jar;D:\DentistBackend\lib\javax.servlet.jsp.jstl.jar;D:\DentistBackend\lib\javax.resource.jar;D:\DentistBackend\lib\javax.servlet.jsp.jar;D:\DentistBackend\lib\javax.ejb.jar;D:\DentistBackend\lib\javax.persistence.jar;C:\Users\THTINKPAD\.m2\repository\org\springframework\boot\spring-boot-starter-data-jdbc\2.6.7\spring-boot-starter-data-jdbc-2.6.7.jar;C:\Users\THTINKPAD\.m2\repository\org\springframework\data\spring-data-jdbc\2.3.4\spring-data-jdbc-2.3.4.jar;C:\Users\THTINKPAD\.m2\repository\org\springframework\data\spring-data-relatio
Launcher Type: SUN_STANDARD

Environment Variables:
JAVA_HOME=C:\Program Files\Java\jdk1.8.0_321
CLASSPATH=.;D:\scala\bin;
PATH=D:\VM\bin\;C:\Python310\Scripts\;C:\Python310\;C:\Program Files\Java\jdk1.8.0_321\bin;C:\Program Files\Java\jdk1.8.0_321\jre\bin;C:\Program Files (x86)\Common Files\Oracle\Java\javapath;E:\win64\bin;C:\WINDOWS\system32;C:\WINDOWS;C:\WINDOWS\System32\Wbem;C:\WINDOWS\System32\WindowsPowerShell\v1.0\;C:\WINDOWS\System32\OpenSSH\;E:\runtime\win64;E:\bin;C:\Program Files (x86)\Windows Kits\8.1\Windows Performance Toolkit\;D:\Git\cmd;D:\bin;D:\maven\apache-maven-3.8.4\bin;D:\spark-3.2.1\bin;C:\Users\THTINKPAD\Desktop\spark-3.1.2-bin-hadoop3.2\bin;D:\scala\bin;D:\scala\bin;D:\scala\jre\bin;D:\maven\apache-maven-3.8.4\bin;D:\spark-3.2.1\sbin;D:\mysql\mysql-8.0.28-winx64\bin;C:\Program Files\nodejs\;C:\ProgramData\chocolatey\bin;D:\tomcat\apache-tomcat-10.0.16\lib;D:\tomcat\apache-tomcat-10.0.16\bin;D:\Hg\;C:\Program Files (x86)\Microsoft SQL Server\100\Tools\Binn\;C:\Program Files\Microsoft SQL Server\100\Tools\Binn\;C:\Program Files\Microsoft SQL Server\100\DTS\Binn\;C:\Program Files\Microsoft Windows Performance Toolkit\;D:\TDM-GCC\bin;C:\Users\THTINKPAD\Anaconda3;C:\Users\THTINKPAD\Anaconda3\Library\mingw-w64\bin;C:\Users\THTINKPAD\Anaconda3\Library\usr\bin;C:\Users\THTINKPAD\Anaconda3\Library\bin;C:\Users\THTINKPAD\Anaconda3\Scripts;C:\Users\THTINKPAD\AppData\Local\Microsoft\WindowsApps;D:\PyCharm Community Edition 2020.2.1\bin;;;E:\Microsoft VS Code\bin;D:\texlive\2021\bin\win32;D:\IDEA-java\IntelliJ IDEA Community Edition 2021.3.1\bin;;C:\Users\THTINKPAD\AppData\Roaming\npm;D:\DataGrip 2021.3.4\bin;;D:\IntelliJ IDEA 2021.3.2\bin;;D:\PyCharm 2021.3.2\bin;;D:\CLion 2021.3.3\bin;
USERNAME=THTINKPAD
OS=Windows_NT
PROCESSOR_IDENTIFIER=Intel64 Family 6 Model 142 Stepping 12, GenuineIntel



---------------  S Y S T E M  ---------------

OS: Windows 10 , 64 bit Build 19041 (10.0.19041.1645)

CPU:total 8 (initial active 8) (4 cores per cpu, 2 threads per core) family 6 model 142 stepping 12, cmov, cx8, fxsr, mmx, sse, sse2, sse3, ssse3, sse4.1, sse4.2, popcnt, avx, avx2, aes, clmul, erms, 3dnowpref, lzcnt, ht, tsc, tscinvbit, bmi1, bmi2, adx

Memory: 4k page, physical 8148100k(1343232k free), swap 19229840k(2803324k free)

vm_info: Java HotSpot(TM) 64-Bit Server VM (25.321-b07) for windows-amd64 JRE (1.8.0_321-b07), built on Dec 15 2021 11:19:20 by "java_re" with MS VC++ 15.9 (VS2017)

time: Thu Apr 28 19:07:24 2022
timezone: 中国标准时间
elapsed time: 2.770101 seconds (0d 0h 0m 2s)

